[2026-06-08 18:12:27] [INFO] 开始处理 day2 数据
[2026-06-08 18:12:27] [INFO] 读取文件: c:\Users\weiyi\Desktop\student-camp-data\raw\d2\tool_result.json
[2026-06-08 18:12:27] [INFO] 处理 tool_result 记录 1/3: trace_id=T-1001
[2026-06-08 18:12:27] [INFO] 处理 tool_result 记录 2/3: trace_id=T-1002
[2026-06-08 18:12:27] [INFO] 处理 tool_result 记录 3/3: trace_id=T-1003
[2026-06-08 18:12:27] [INFO] tool_result 清洗完成！总记录: 3, 有效: 3, 无效: 0
[2026-06-08 18:12:27] [INFO] 读取文件: c:\Users\weiyi\Desktop\student-camp-data\raw\d2\user_behavior.json
[2026-06-08 18:12:27] [INFO] 处理 user_behavior 记录 1/6: uid=U001
[2026-06-08 18:12:27] [INFO] 处理 user_behavior 记录 2/6: uid=U001
[2026-06-08 18:12:27] [INFO] 处理 user_behavior 记录 3/6: uid=U002
[2026-06-08 18:12:27] [WARN] user_behavior 记录 4/6: 发现重复记录，跳过
[2026-06-08 18:12:27] [INFO] 处理 user_behavior 记录 5/6: uid=U003
[2026-06-08 18:12:27] [INFO] 处理 user_behavior 记录 6/6: uid=U004
[2026-06-08 18:12:27] [INFO] user_behavior 清洗完成！总记录: 6, 去重后: 5, 重复: 1, 有效: 5, 无效: 0
[2026-06-08 18:12:27] [INFO] 合并完成！共 8 条记录，已保存到 c:\Users\weiyi\Desktop\student-camp-data\raw\d2\merged.jsonl
[2026-06-08 18:41:30] [INFO] 开始处理 day2 数据
[2026-06-08 18:41:30] [INFO] 读取文件: C:\Users\weiyi\Desktop\student-camp-data\raw\d2\tool_result.json
[2026-06-08 18:41:30] [INFO] 处理 tool_result 记录 1/3: trace_id=T-1001
[2026-06-08 18:41:30] [INFO] 处理 tool_result 记录 2/3: trace_id=T-1002
[2026-06-08 18:41:30] [INFO] 处理 tool_result 记录 3/3: trace_id=T-1003
[2026-06-08 18:41:30] [INFO] tool_result 清洗完成！总记录: 3, 有效: 3, 无效: 0
[2026-06-08 18:41:30] [INFO] 读取文件: C:\Users\weiyi\Desktop\student-camp-data\raw\d2\user_behavior.json
[2026-06-08 18:41:30] [INFO] 处理 user_behavior 记录 1/6: uid=U001
[2026-06-08 18:41:30] [INFO] 处理 user_behavior 记录 2/6: uid=U001
[2026-06-08 18:41:30] [INFO] 处理 user_behavior 记录 3/6: uid=U002
[2026-06-08 18:41:30] [WARN] user_behavior 记录 4/6: 发现重复记录，跳过
[2026-06-08 18:41:30] [INFO] 处理 user_behavior 记录 5/6: uid=U003
[2026-06-08 18:41:30] [INFO] 处理 user_behavior 记录 6/6: uid=U004
[2026-06-08 18:41:30] [INFO] user_behavior 清洗完成！总记录: 6, 去重后: 5, 重复: 1, 有效: 5, 无效: 0
[2026-06-08 18:41:30] [INFO] 合并完成！共 8 条记录，已保存到 C:\Users\weiyi\Desktop\student-camp-data\raw\d2\merged.jsonl
