[2026-06-08 09:45:05] [INFO] 开始清洗 CSV 文件
[2026-06-08 09:45:05] [INFO] 输入文件: c:\Users\weiyi\Desktop\student-camp-data\raw\d3\chat_sessions_dirty.csv
[2026-06-08 09:45:05] [INFO] 检测到列名: ['session_id', 'user_id', 'role', 'message', 'created_at']
[2026-06-08 09:45:05] [INFO] 自动检测到的时间列: ['created_at']
[2026-06-08 09:45:05] [INFO] 记录 1/11: 列 message 文本清洗完成
[2026-06-08 09:45:05] [INFO] 记录 1/11: 列 created_at 时间标准化: 2026/6/3 08:00 -> 2026-06-03 08:00:00
[2026-06-08 09:45:05] [INFO] 记录 3/11: 列 message 文本清洗完成
[2026-06-08 09:45:05] [INFO] 记录 3/11: 列 created_at 时间标准化: 2026/6/3 8:02 -> 2026-06-03 08:02:00
[2026-06-08 09:45:05] [INFO] 记录 4/11: 列 created_at 时间标准化: 2026-06-03T09:00:00 -> 2026-06-03 09:00:00
[2026-06-08 09:45:05] [INFO] 记录 5/11: 列 created_at 时间标准化: 2026-06-03T09:00:02 -> 2026-06-03 09:00:02
[2026-06-08 09:45:05] [INFO] 记录 6/11: 列 created_at 时间标准化: 2026-06-03T09:01:00 -> 2026-06-03 09:01:00
[2026-06-08 09:45:05] [WARN] 记录 7/11: 发现重复记录，跳过
[2026-06-08 09:45:05] [WARN] 记录 8/11: message 为空，已删除该记录
[2026-06-08 09:45:05] [WARN] 记录 10/11: 存在空值列 ['user_id']（非 message），保留但记录 WARN
[2026-06-08 09:45:05] [INFO] 记录 10/11: 列 created_at 时间标准化: 2026年6月3日 11:00 -> 2026-06-03 11:00:00
[2026-06-08 09:45:05] [WARN] 记录 11/11: 存在空值列 ['user_id']（非 message），保留但记录 WARN
[2026-06-08 09:45:05] [INFO] 记录 11/11: 列 created_at 时间标准化: 2026年6月3日 11:00:05 -> 2026-06-03 11:00:05
[2026-06-08 09:45:05] [INFO] 清洗完成！
[2026-06-08 09:45:05] [INFO] 总记录: 11, 去重后: 9, 重复: 1, 删除的message空记录: 1
[2026-06-08 09:45:05] [INFO] 输出文件: c:\Users\weiyi\Desktop\student-camp-data\raw\d3\chat_sessions_dirty_cleaned.csv
