[2026-06-08 00:01:30] [INFO] 开始清洗 tool_result.json
[2026-06-08 00:01:30] [INFO] 输入文件: c:\Users\weiyi\Desktop\student-camp-data\raw\d2\tool_result.json
[2026-06-08 00:01:30] [INFO] 处理记录 1/3: trace_id=T-1001
[2026-06-08 00:01:30] [INFO] 处理记录 2/3: trace_id=T-1002
[2026-06-08 00:01:30] [INFO] 处理记录 3/3: trace_id=T-1003
[2026-06-08 00:01:30] [INFO] 清洗完成！
[2026-06-08 00:01:30] [INFO] 总记录: 3, 有效: 3, 无效: 0
[2026-06-08 00:01:30] [INFO] 输出文件: c:\Users\weiyi\Desktop\student-camp-data\raw\d2\tool_result_cleaned.json
[2026-06-08 00:01:30] [INFO] 开始清洗 user_behavior.json
[2026-06-08 00:01:30] [INFO] 输入文件: c:\Users\weiyi\Desktop\student-camp-data\raw\d2\user_behavior.json
[2026-06-08 00:01:30] [INFO] 处理记录 1/6: uid=U001
[2026-06-08 00:01:30] [INFO] 处理记录 2/6: uid=U001
[2026-06-08 00:01:30] [INFO] 处理记录 3/6: uid=U002
[2026-06-08 00:01:30] [WARN] 记录 4/6: 发现重复记录，跳过
[2026-06-08 00:01:30] [INFO] 处理记录 5/6: uid=U003
[2026-06-08 00:01:30] [INFO] 处理记录 6/6: uid=U004
[2026-06-08 00:01:30] [INFO] 清洗完成！
[2026-06-08 00:01:30] [INFO] 总记录: 6, 去重后: 5, 重复: 1
[2026-06-08 00:01:30] [INFO] 有效: 5, 无效: 0
[2026-06-08 00:01:30] [INFO] 输出文件: c:\Users\weiyi\Desktop\student-camp-data\raw\d2\user_behavior_cleaned.json
